
Start-Date: 2021-07-13  10:04:56
Commandline: apt-get install --reinstall adduser
Reinstall: adduser:amd64 (3.118ubuntu2)
End-Date: 2021-07-13  10:04:56

Start-Date: 2021-07-13  10:04:58
Commandline: apt-get install --reinstall apt
Reinstall: apt:amd64 (2.0.2)
End-Date: 2021-07-13  10:04:59

Start-Date: 2021-07-13  10:05:00
Commandline: apt-get install --reinstall base-files
Reinstall: base-files:amd64 (11ubuntu5)
End-Date: 2021-07-13  10:05:01

Start-Date: 2021-07-13  10:05:02
Commandline: apt-get install --reinstall base-passwd
Reinstall: base-passwd:amd64 (3.5.47)
End-Date: 2021-07-13  10:05:03

Start-Date: 2021-07-13  10:05:04
Commandline: apt-get install --reinstall bash
Reinstall: bash:amd64 (5.0-6ubuntu1)
End-Date: 2021-07-13  10:05:05

Start-Date: 2021-07-13  10:05:06
Commandline: apt-get install --reinstall bsdutils
Reinstall: bsdutils:amd64 (1:2.34-0.1ubuntu9)
End-Date: 2021-07-13  10:05:06

Start-Date: 2021-07-13  10:05:08
Commandline: apt-get install --reinstall bzip2
Reinstall: bzip2:amd64 (1.0.8-2)
End-Date: 2021-07-13  10:05:08

Start-Date: 2021-07-13  10:05:09
Commandline: apt-get install --reinstall coreutils
Reinstall: coreutils:amd64 (8.30-3ubuntu2)
End-Date: 2021-07-13  10:05:10

Start-Date: 2021-07-13  10:05:11
Commandline: apt-get install --reinstall dash
Reinstall: dash:amd64 (0.5.10.2-6)
End-Date: 2021-07-13  10:05:12

Start-Date: 2021-07-13  10:05:13
Commandline: apt-get install --reinstall debconf
Reinstall: debconf:amd64 (1.5.73)
End-Date: 2021-07-13  10:05:14

Start-Date: 2021-07-13  10:05:15
Commandline: apt-get install --reinstall debianutils
Reinstall: debianutils:amd64 (4.9.1)
End-Date: 2021-07-13  10:05:16

Start-Date: 2021-07-13  10:05:17
Commandline: apt-get install --reinstall diffutils
Reinstall: diffutils:amd64 (1:3.7-3)
End-Date: 2021-07-13  10:05:17

Start-Date: 2021-07-13  10:05:19
Commandline: apt-get install --reinstall dpkg
Reinstall: dpkg:amd64 (1.19.7ubuntu3)
End-Date: 2021-07-13  10:05:19

Start-Date: 2021-07-13  10:05:21
Commandline: apt-get install --reinstall e2fsprogs
Reinstall: e2fsprogs:amd64 (1.45.5-2ubuntu1)
End-Date: 2021-07-13  10:05:21

Start-Date: 2021-07-13  10:05:23
Commandline: apt-get install --reinstall fdisk
Reinstall: fdisk:amd64 (2.34-0.1ubuntu9)
End-Date: 2021-07-13  10:05:23

Start-Date: 2021-07-13  10:05:24
Commandline: apt-get install --reinstall findutils
Reinstall: findutils:amd64 (4.7.0-1ubuntu1)
End-Date: 2021-07-13  10:05:25

Start-Date: 2021-07-13  10:05:26
Commandline: apt-get install --reinstall gcc-10-base:amd64
Reinstall: gcc-10-base:amd64 (10-20200411-0ubuntu1)
End-Date: 2021-07-13  10:05:27

Start-Date: 2021-07-13  10:05:28
Commandline: apt-get install --reinstall gpgv
Reinstall: gpgv:amd64 (2.2.19-3ubuntu2)
End-Date: 2021-07-13  10:05:28

Start-Date: 2021-07-13  10:05:29
Commandline: apt-get install --reinstall grep
Reinstall: grep:amd64 (3.4-1)
End-Date: 2021-07-13  10:05:30

Start-Date: 2021-07-13  10:05:31
Commandline: apt-get install --reinstall gzip
Reinstall: gzip:amd64 (1.10-0ubuntu4)
End-Date: 2021-07-13  10:05:32

Start-Date: 2021-07-13  10:05:33
Commandline: apt-get install --reinstall hostname
Reinstall: hostname:amd64 (3.23)
End-Date: 2021-07-13  10:05:34

Start-Date: 2021-07-13  10:05:35
Commandline: apt-get install --reinstall init-system-helpers
Reinstall: init-system-helpers:amd64 (1.57)
End-Date: 2021-07-13  10:05:35

Start-Date: 2021-07-13  10:05:37
Commandline: apt-get install --reinstall libacl1:amd64
Reinstall: libacl1:amd64 (2.2.53-6)
End-Date: 2021-07-13  10:05:37

Start-Date: 2021-07-13  10:05:38
Commandline: apt-get install --reinstall libapt-pkg6.0:amd64
Reinstall: libapt-pkg6.0:amd64 (2.0.2)
End-Date: 2021-07-13  10:05:39

Start-Date: 2021-07-13  10:05:40
Commandline: apt-get install --reinstall libattr1:amd64
Reinstall: libattr1:amd64 (1:2.4.48-5)
End-Date: 2021-07-13  10:05:41

Start-Date: 2021-07-13  10:05:42
Commandline: apt-get install --reinstall libaudit-common
Reinstall: libaudit-common:amd64 (1:2.8.5-2ubuntu6)
End-Date: 2021-07-13  10:05:43

Start-Date: 2021-07-13  10:05:44
Commandline: apt-get install --reinstall libaudit1:amd64
Reinstall: libaudit1:amd64 (1:2.8.5-2ubuntu6)
End-Date: 2021-07-13  10:05:44

Start-Date: 2021-07-13  10:05:46
Commandline: apt-get install --reinstall libblkid1:amd64
Reinstall: libblkid1:amd64 (2.34-0.1ubuntu9)
End-Date: 2021-07-13  10:05:46

Start-Date: 2021-07-13  10:05:47
Commandline: apt-get install --reinstall libbz2-1.0:amd64
Reinstall: libbz2-1.0:amd64 (1.0.8-2)
End-Date: 2021-07-13  10:05:48

Start-Date: 2021-07-13  10:05:49
Commandline: apt-get install --reinstall libc-bin
Reinstall: libc-bin:amd64 (2.31-0ubuntu9)
End-Date: 2021-07-13  10:05:50

Start-Date: 2021-07-13  10:05:51
Commandline: apt-get install --reinstall libc6:amd64
Reinstall: libc6:amd64 (2.31-0ubuntu9)
End-Date: 2021-07-13  10:05:53

Start-Date: 2021-07-13  10:05:54
Commandline: apt-get install --reinstall libcap-ng0:amd64
Reinstall: libcap-ng0:amd64 (0.7.9-2.1build1)
End-Date: 2021-07-13  10:05:55

Start-Date: 2021-07-13  10:05:56
Commandline: apt-get install --reinstall libcom-err2:amd64
Reinstall: libcom-err2:amd64 (1.45.5-2ubuntu1)
End-Date: 2021-07-13  10:05:57

Start-Date: 2021-07-13  10:05:58
Commandline: apt-get install --reinstall libcrypt1:amd64
Reinstall: libcrypt1:amd64 (1:4.4.10-10ubuntu4)
End-Date: 2021-07-13  10:05:58

Start-Date: 2021-07-13  10:06:00
Commandline: apt-get install --reinstall libdb5.3:amd64
Reinstall: libdb5.3:amd64 (5.3.28+dfsg1-0.6ubuntu2)
End-Date: 2021-07-13  10:06:00

Start-Date: 2021-07-13  10:06:02
Commandline: apt-get install --reinstall libdebconfclient0:amd64
Reinstall: libdebconfclient0:amd64 (0.251ubuntu1)
End-Date: 2021-07-13  10:06:02

Start-Date: 2021-07-13  10:06:03
Commandline: apt-get install --reinstall libext2fs2:amd64
Reinstall: libext2fs2:amd64 (1.45.5-2ubuntu1)
End-Date: 2021-07-13  10:06:04

Start-Date: 2021-07-13  10:06:05
Commandline: apt-get install --reinstall libfdisk1:amd64
Reinstall: libfdisk1:amd64 (2.34-0.1ubuntu9)
End-Date: 2021-07-13  10:06:05

Start-Date: 2021-07-13  10:06:07
Commandline: apt-get install --reinstall libffi7:amd64
Reinstall: libffi7:amd64 (3.3-4)
End-Date: 2021-07-13  10:06:07

Start-Date: 2021-07-13  10:06:08
Commandline: apt-get install --reinstall libgcc-s1:amd64
Reinstall: libgcc-s1:amd64 (10-20200411-0ubuntu1)
End-Date: 2021-07-13  10:06:09

Start-Date: 2021-07-13  10:06:10
Commandline: apt-get install --reinstall libgcrypt20:amd64
Reinstall: libgcrypt20:amd64 (1.8.5-5ubuntu1)
End-Date: 2021-07-13  10:06:11

Start-Date: 2021-07-13  10:06:12
Commandline: apt-get install --reinstall libgmp10:amd64
Reinstall: libgmp10:amd64 (2:6.2.0+dfsg-4)
End-Date: 2021-07-13  10:06:13

Start-Date: 2021-07-13  10:06:14
Commandline: apt-get install --reinstall libgnutls30:amd64
Reinstall: libgnutls30:amd64 (3.6.13-2ubuntu1)
End-Date: 2021-07-13  10:06:14

Start-Date: 2021-07-13  10:06:16
Commandline: apt-get install --reinstall libgpg-error0:amd64
Reinstall: libgpg-error0:amd64 (1.37-1)
End-Date: 2021-07-13  10:06:16

Start-Date: 2021-07-13  10:06:17
Commandline: apt-get install --reinstall libhogweed5:amd64
Reinstall: libhogweed5:amd64 (3.5.1+really3.5.1-2)
End-Date: 2021-07-13  10:06:18

Start-Date: 2021-07-13  10:06:19
Commandline: apt-get install --reinstall libidn2-0:amd64
Reinstall: libidn2-0:amd64 (2.2.0-2)
End-Date: 2021-07-13  10:06:20

Start-Date: 2021-07-13  10:06:21
Commandline: apt-get install --reinstall liblz4-1:amd64
Reinstall: liblz4-1:amd64 (1.9.2-2)
End-Date: 2021-07-13  10:06:22

Start-Date: 2021-07-13  10:06:23
Commandline: apt-get install --reinstall liblzma5:amd64
Reinstall: liblzma5:amd64 (5.2.4-1)
End-Date: 2021-07-13  10:06:23

Start-Date: 2021-07-13  10:06:25
Commandline: apt-get install --reinstall libmount1:amd64
Reinstall: libmount1:amd64 (2.34-0.1ubuntu9)
End-Date: 2021-07-13  10:06:25

Start-Date: 2021-07-13  10:06:26
Commandline: apt-get install --reinstall libncurses6:amd64
Reinstall: libncurses6:amd64 (6.2-0ubuntu2)
End-Date: 2021-07-13  10:06:27

Start-Date: 2021-07-13  10:06:28
Commandline: apt-get install --reinstall libncursesw6:amd64
Reinstall: libncursesw6:amd64 (6.2-0ubuntu2)
End-Date: 2021-07-13  10:06:28

Start-Date: 2021-07-13  10:06:30
Commandline: apt-get install --reinstall libnettle7:amd64
Reinstall: libnettle7:amd64 (3.5.1+really3.5.1-2)
End-Date: 2021-07-13  10:06:30

Start-Date: 2021-07-13  10:06:31
Commandline: apt-get install --reinstall libp11-kit0:amd64
Reinstall: libp11-kit0:amd64 (0.23.20-1build1)
End-Date: 2021-07-13  10:06:32

Start-Date: 2021-07-13  10:06:33
Commandline: apt-get install --reinstall libpam-modules:amd64
Reinstall: libpam-modules:amd64 (1.3.1-5ubuntu4)
End-Date: 2021-07-13  10:06:34

Start-Date: 2021-07-13  10:06:35
Commandline: apt-get install --reinstall libpam-modules-bin
Reinstall: libpam-modules-bin:amd64 (1.3.1-5ubuntu4)
End-Date: 2021-07-13  10:06:36

Start-Date: 2021-07-13  10:06:37
Commandline: apt-get install --reinstall libpam-runtime
Reinstall: libpam-runtime:amd64 (1.3.1-5ubuntu4)
End-Date: 2021-07-13  10:06:38

Start-Date: 2021-07-13  10:06:39
Commandline: apt-get install --reinstall libpam0g:amd64
Reinstall: libpam0g:amd64 (1.3.1-5ubuntu4)
End-Date: 2021-07-13  10:06:39

Start-Date: 2021-07-13  10:06:41
Commandline: apt-get install --reinstall libpcre2-8-0:amd64
Reinstall: libpcre2-8-0:amd64 (10.34-7)
End-Date: 2021-07-13  10:06:41

Start-Date: 2021-07-13  10:06:42
Commandline: apt-get install --reinstall libpcre3:amd64
Reinstall: libpcre3:amd64 (2:8.39-12build1)
End-Date: 2021-07-13  10:06:43

Start-Date: 2021-07-13  10:06:44
Commandline: apt-get install --reinstall libprocps8:amd64
Reinstall: libprocps8:amd64 (2:3.3.16-1ubuntu2)
End-Date: 2021-07-13  10:06:45

Start-Date: 2021-07-13  10:06:46
Commandline: apt-get install --reinstall libseccomp2:amd64
Reinstall: libseccomp2:amd64 (2.4.3-1ubuntu1)
End-Date: 2021-07-13  10:06:46

Start-Date: 2021-07-13  10:06:48
Commandline: apt-get install --reinstall libselinux1:amd64
Reinstall: libselinux1:amd64 (3.0-1build2)
End-Date: 2021-07-13  10:06:48

Start-Date: 2021-07-13  10:06:49
Commandline: apt-get install --reinstall libsemanage-common
Reinstall: libsemanage-common:amd64 (3.0-1build2)
End-Date: 2021-07-13  10:06:50

Start-Date: 2021-07-13  10:06:51
Commandline: apt-get install --reinstall libsemanage1:amd64
Reinstall: libsemanage1:amd64 (3.0-1build2)
End-Date: 2021-07-13  10:06:52

Start-Date: 2021-07-13  10:06:53
Commandline: apt-get install --reinstall libsepol1:amd64
Reinstall: libsepol1:amd64 (3.0-1)
End-Date: 2021-07-13  10:06:54

Start-Date: 2021-07-13  10:06:55
Commandline: apt-get install --reinstall libsmartcols1:amd64
Reinstall: libsmartcols1:amd64 (2.34-0.1ubuntu9)
End-Date: 2021-07-13  10:06:55

Start-Date: 2021-07-13  10:06:57
Commandline: apt-get install --reinstall libss2:amd64
Reinstall: libss2:amd64 (1.45.5-2ubuntu1)
End-Date: 2021-07-13  10:06:57

Start-Date: 2021-07-13  10:06:58
Commandline: apt-get install --reinstall libstdc++6:amd64
Reinstall: libstdc++6:amd64 (10-20200411-0ubuntu1)
End-Date: 2021-07-13  10:06:59

Start-Date: 2021-07-13  10:07:00
Commandline: apt-get install --reinstall libsystemd0:amd64
Reinstall: libsystemd0:amd64 (245.4-4ubuntu3)
End-Date: 2021-07-13  10:07:01

Start-Date: 2021-07-13  10:07:02
Commandline: apt-get install --reinstall libtasn1-6:amd64
Reinstall: libtasn1-6:amd64 (4.16.0-2)
End-Date: 2021-07-13  10:07:03

Start-Date: 2021-07-13  10:07:04
Commandline: apt-get install --reinstall libtinfo6:amd64
Reinstall: libtinfo6:amd64 (6.2-0ubuntu2)
End-Date: 2021-07-13  10:07:04

Start-Date: 2021-07-13  10:07:05
Commandline: apt-get install --reinstall libudev1:amd64
Reinstall: libudev1:amd64 (245.4-4ubuntu3)
End-Date: 2021-07-13  10:07:06

Start-Date: 2021-07-13  10:07:07
Commandline: apt-get install --reinstall libunistring2:amd64
Reinstall: libunistring2:amd64 (0.9.10-2)
End-Date: 2021-07-13  10:07:08

Start-Date: 2021-07-13  10:07:09
Commandline: apt-get install --reinstall libuuid1:amd64
Reinstall: libuuid1:amd64 (2.34-0.1ubuntu9)
End-Date: 2021-07-13  10:07:10

Start-Date: 2021-07-13  10:07:11
Commandline: apt-get install --reinstall libzstd1:amd64
Reinstall: libzstd1:amd64 (1.4.4+dfsg-3)
End-Date: 2021-07-13  10:07:11

Start-Date: 2021-07-13  10:07:13
Commandline: apt-get install --reinstall login
Reinstall: login:amd64 (1:4.8.1-1ubuntu5)
End-Date: 2021-07-13  10:07:13

Start-Date: 2021-07-13  10:07:14
Commandline: apt-get install --reinstall logsave
Reinstall: logsave:amd64 (1.45.5-2ubuntu1)
End-Date: 2021-07-13  10:07:15

Start-Date: 2021-07-13  10:07:16
Commandline: apt-get install --reinstall lsb-base
Reinstall: lsb-base:amd64 (11.1.0ubuntu2)
End-Date: 2021-07-13  10:07:17

Start-Date: 2021-07-13  10:07:18
Commandline: apt-get install --reinstall mawk
Reinstall: mawk:amd64 (1.3.4.20200120-2)
End-Date: 2021-07-13  10:07:18

Start-Date: 2021-07-13  10:07:20
Commandline: apt-get install --reinstall mount
Reinstall: mount:amd64 (2.34-0.1ubuntu9)
End-Date: 2021-07-13  10:07:20

Start-Date: 2021-07-13  10:07:21
Commandline: apt-get install --reinstall ncurses-base
Reinstall: ncurses-base:amd64 (6.2-0ubuntu2)
End-Date: 2021-07-13  10:07:22

Start-Date: 2021-07-13  10:07:23
Commandline: apt-get install --reinstall ncurses-bin
Reinstall: ncurses-bin:amd64 (6.2-0ubuntu2)
End-Date: 2021-07-13  10:07:24

Start-Date: 2021-07-13  10:07:25
Commandline: apt-get install --reinstall passwd
Reinstall: passwd:amd64 (1:4.8.1-1ubuntu5)
End-Date: 2021-07-13  10:07:26

Start-Date: 2021-07-13  10:07:27
Commandline: apt-get install --reinstall perl-base
Reinstall: perl-base:amd64 (5.30.0-9build1)
End-Date: 2021-07-13  10:07:28

Start-Date: 2021-07-13  10:07:29
Commandline: apt-get install --reinstall procps
Reinstall: procps:amd64 (2:3.3.16-1ubuntu2)
End-Date: 2021-07-13  10:07:30

Start-Date: 2021-07-13  10:07:31
Commandline: apt-get install --reinstall sed
Reinstall: sed:amd64 (4.7-1)
End-Date: 2021-07-13  10:07:31

Start-Date: 2021-07-13  10:07:33
Commandline: apt-get install --reinstall sensible-utils
Reinstall: sensible-utils:amd64 (0.0.12+nmu1)
End-Date: 2021-07-13  10:07:33

Start-Date: 2021-07-13  10:07:34
Commandline: apt-get install --reinstall sysvinit-utils
Reinstall: sysvinit-utils:amd64 (2.96-2.1ubuntu1)
End-Date: 2021-07-13  10:07:35

Start-Date: 2021-07-13  10:07:36
Commandline: apt-get install --reinstall tar
Reinstall: tar:amd64 (1.30+dfsg-7)
End-Date: 2021-07-13  10:07:37

Start-Date: 2021-07-13  10:07:38
Commandline: apt-get install --reinstall ubuntu-keyring
Reinstall: ubuntu-keyring:amd64 (2020.02.11.2)
End-Date: 2021-07-13  10:07:38

Start-Date: 2021-07-13  10:07:40
Commandline: apt-get install --reinstall util-linux
Reinstall: util-linux:amd64 (2.34-0.1ubuntu9)
End-Date: 2021-07-13  10:07:41

Start-Date: 2021-07-13  10:07:42
Commandline: apt-get install --reinstall zlib1g:amd64
Reinstall: zlib1g:amd64 (1:1.2.11.dfsg-2ubuntu1)
End-Date: 2021-07-13  10:07:42

Start-Date: 2021-07-13  10:07:45
Commandline: apt-get --yes -oDebug::pkgDepCache::AutoInstall=yes install ubuntu-keyring
Upgrade: ubuntu-keyring:amd64 (2020.02.11.2, 2020.02.11.4)
End-Date: 2021-07-13  10:07:45

Start-Date: 2021-07-13  10:07:47
Commandline: apt-get --yes -oDebug::pkgDepCache::AutoInstall=yes --force-yes upgrade
Upgrade: libpam0g:amd64 (1.3.1-5ubuntu4, 1.3.1-5ubuntu4.2), fdisk:amd64 (2.34-0.1ubuntu9, 2.34-0.1ubuntu9.1), perl-base:amd64 (5.30.0-9build1, 5.30.0-9ubuntu0.2), libseccomp2:amd64 (2.4.3-1ubuntu1, 2.5.1-1ubuntu1~20.04.1), libfdisk1:amd64 (2.34-0.1ubuntu9, 2.34-0.1ubuntu9.1), libpam-modules:amd64 (1.3.1-5ubuntu4, 1.3.1-5ubuntu4.2), libsystemd0:amd64 (245.4-4ubuntu3, 245.4-4ubuntu3.7), gcc-10-base:amd64 (10-20200411-0ubuntu1, 10.3.0-1ubuntu1~20.04), apt:amd64 (2.0.2, 2.0.6), libmount1:amd64 (2.34-0.1ubuntu9, 2.34-0.1ubuntu9.1), zlib1g:amd64 (1:1.2.11.dfsg-2ubuntu1, 1:1.2.11.dfsg-2ubuntu1.2), libc6:amd64 (2.31-0ubuntu9, 2.31-0ubuntu9.2), util-linux:amd64 (2.34-0.1ubuntu9, 2.34-0.1ubuntu9.1), passwd:amd64 (1:4.8.1-1ubuntu5, 1:4.8.1-1ubuntu5.20.04), procps:amd64 (2:3.3.16-1ubuntu2, 2:3.3.16-1ubuntu2.2), libpam-runtime:amd64 (1.3.1-5ubuntu4, 1.3.1-5ubuntu4.2), libprocps8:amd64 (2:3.3.16-1ubuntu2, 2:3.3.16-1ubuntu2.2), libapt-pkg6.0:amd64 (2.0.2, 2.0.6), libudev1:amd64 (245.4-4ubuntu3, 245.4-4ubuntu3.7), mount:amd64 (2.34-0.1ubuntu9, 2.34-0.1ubuntu9.1), libblkid1:amd64 (2.34-0.1ubuntu9, 2.34-0.1ubuntu9.1), libc-bin:amd64 (2.31-0ubuntu9, 2.31-0ubuntu9.2), tar:amd64 (1.30+dfsg-7, 1.30+dfsg-7ubuntu0.20.04.1), libuuid1:amd64 (2.34-0.1ubuntu9, 2.34-0.1ubuntu9.1), liblz4-1:amd64 (1.9.2-2, 1.9.2-2ubuntu0.20.04.1), gpgv:amd64 (2.2.19-3ubuntu2, 2.2.19-3ubuntu2.1), libsmartcols1:amd64 (2.34-0.1ubuntu9, 2.34-0.1ubuntu9.1), login:amd64 (1:4.8.1-1ubuntu5, 1:4.8.1-1ubuntu5.20.04), libhogweed5:amd64 (3.5.1+really3.5.1-2, 3.5.1+really3.5.1-2ubuntu0.2), libpam-modules-bin:amd64 (1.3.1-5ubuntu4, 1.3.1-5ubuntu4.2), bsdutils:amd64 (1:2.34-0.1ubuntu9, 1:2.34-0.1ubuntu9.1), libgcc-s1:amd64 (10-20200411-0ubuntu1, 10.3.0-1ubuntu1~20.04), libnettle7:amd64 (3.5.1+really3.5.1-2, 3.5.1+really3.5.1-2ubuntu0.2), bash:amd64 (5.0-6ubuntu1, 5.0-6ubuntu1.1), libgnutls30:amd64 (3.6.13-2ubuntu1, 3.6.13-2ubuntu1.3), libp11-kit0:amd64 (0.23.20-1build1, 0.23.20-1ubuntu0.1), libzstd1:amd64 (1.4.4+dfsg-3, 1.4.4+dfsg-3ubuntu0.1), liblzma5:amd64 (5.2.4-1, 5.2.4-1ubuntu1), libstdc++6:amd64 (10-20200411-0ubuntu1, 10.3.0-1ubuntu1~20.04), base-files:amd64 (11ubuntu5, 11ubuntu5.3)
End-Date: 2021-07-13  10:07:52

Start-Date: 2021-08-21  02:32:39
Commandline: apt install lynx
Install: lynx-common:amd64 (2.9.0dev.5-1, automatic), libbsd0:amd64 (0.10.0-1, automatic), mime-support:amd64 (3.64ubuntu1, automatic), libmagic1:amd64 (1:5.38-4, automatic), lynx:amd64 (2.9.0dev.5-1), libmagic-mgc:amd64 (1:5.38-4, automatic), xz-utils:amd64 (5.2.4-1ubuntu1, automatic), file:amd64 (1:5.38-4, automatic), libidn11:amd64 (1.33-2.2ubuntu2, automatic)
End-Date: 2021-08-21  02:32:42

Start-Date: 2021-08-21  02:33:01
Commandline: apt install -y iputils-ping
Install: libpam-cap:amd64 (1:2.32-1, automatic), libcap2:amd64 (1:2.32-1, automatic), libcap2-bin:amd64 (1:2.32-1, automatic), iputils-ping:amd64 (3:20190709-3)
End-Date: 2021-08-21  02:33:02

Start-Date: 2021-08-21  02:37:36
Commandline: apt install nano
Install: nano:amd64 (4.8-1ubuntu1)
End-Date: 2021-08-21  02:37:37
